mode: set
RyanFin/generator-app/pkg/generator.go:22.87,26.2 3 1
RyanFin/generator-app/pkg/generator.go:28.77,34.20 3 1
RyanFin/generator-app/pkg/generator.go:57.2,57.16 1 1
RyanFin/generator-app/pkg/generator.go:34.20,50.17 8 1
RyanFin/generator-app/pkg/generator.go:54.3,54.41 1 1
RyanFin/generator-app/pkg/generator.go:50.17,52.4 1 0
RyanFin/generator-app/pkg/generator.go:61.50,65.22 2 1
RyanFin/generator-app/pkg/generator.go:69.2,69.22 1 1
RyanFin/generator-app/pkg/generator.go:73.2,73.22 1 1
RyanFin/generator-app/pkg/generator.go:77.2,77.12 1 1
RyanFin/generator-app/pkg/generator.go:65.22,67.3 1 1
RyanFin/generator-app/pkg/generator.go:69.22,71.3 1 1
RyanFin/generator-app/pkg/generator.go:73.22,75.3 1 1
RyanFin/generator-app/pkg/generator.go:80.57,89.18 4 1
RyanFin/generator-app/pkg/generator.go:93.2,97.16 3 1
RyanFin/generator-app/pkg/generator.go:102.2,102.74 1 1
RyanFin/generator-app/pkg/generator.go:89.18,90.15 1 0
RyanFin/generator-app/pkg/generator.go:97.16,99.3 1 0
RyanFin/generator-app/pkg/generator.go:105.41,113.21 6 1
RyanFin/generator-app/pkg/generator.go:117.2,119.18 2 1
RyanFin/generator-app/pkg/generator.go:113.21,115.3 1 1
